<?xml version="1.0" encoding="UTF-8"?>
<coverage generated="1671204263946" clover="3.2.0">
  <project timestamp="1671204263946" name="All files">
    <metrics statements="34" coveredstatements="32" conditionals="7" coveredconditionals="5" methods="8" coveredmethods="5" elements="49" coveredelements="42" complexity="0" loc="34" ncloc="34" packages="1" files="3" classes="3"/>
    <file name="Modal.stories.tsx" path="/Users/johan.soulet/Projects/storybook-sandbox/src/components/Modal/Modal.stories.tsx">
      <metrics statements="7" coveredstatements="7" conditionals="0" coveredconditionals="0" methods="3" coveredmethods="2"/>
      <line num="1" count="1" type="stmt"/>
      <line num="2" count="1" type="stmt"/>
      <line num="4" count="1" type="stmt"/>
      <line num="12" count="1" type="stmt"/>
      <line num="14" count="1" type="stmt"/>
      <line num="15" count="1" type="stmt"/>
      <line num="16" count="1" type="stmt"/>
    </file>
    <file name="Modal.styles.tsx" path="/Users/johan.soulet/Projects/storybook-sandbox/src/components/Modal/Modal.styles.tsx">
      <metrics statements="10" coveredstatements="10" conditionals="0" coveredconditionals="0" methods="0" coveredmethods="0"/>
      <line num="1" count="1" type="stmt"/>
      <line num="3" count="1" type="stmt"/>
      <line num="18" count="1" type="stmt"/>
      <line num="29" count="1" type="stmt"/>
      <line num="36" count="1" type="stmt"/>
      <line num="50" count="1" type="stmt"/>
      <line num="56" count="1" type="stmt"/>
      <line num="64" count="1" type="stmt"/>
      <line num="69" count="1" type="stmt"/>
      <line num="74" count="1" type="stmt"/>
    </file>
    <file name="Modal.tsx" path="/Users/johan.soulet/Projects/storybook-sandbox/src/components/Modal/Modal.tsx">
      <metrics statements="17" coveredstatements="15" conditionals="7" coveredconditionals="5" methods="5" coveredmethods="3"/>
      <line num="1" count="1" type="stmt"/>
      <line num="2" count="1" type="stmt"/>
      <line num="3" count="1" type="stmt"/>
      <line num="22" count="1" type="stmt"/>
      <line num="23" count="1" type="stmt"/>
      <line num="24" count="1" type="stmt"/>
      <line num="25" count="1" type="stmt"/>
      <line num="26" count="1" type="stmt"/>
      <line num="27" count="1" type="stmt"/>
      <line num="28" count="1" type="cond" truecount="1" falsecount="0"/>
      <line num="29" count="1" type="stmt"/>
      <line num="33" count="1" type="stmt"/>
      <line num="34" count="1" type="stmt"/>
      <line num="36" count="0" type="cond" truecount="1" falsecount="1"/>
      <line num="46" count="1" type="stmt"/>
      <line num="47" count="0" type="stmt"/>
      <line num="60" count="1" type="stmt"/>
    </file>
  </project>
</coverage>
