{"/Users/johan.soulet/Projects/storybook-sandbox/src/components/Modal/Modal.stories.tsx": {"path":"/Users/johan.soulet/Projects/storybook-sandbox/src/components/Modal/Modal.stories.tsx","statementMap":{"0":{"start":{"line":1,"column":0},"end":{"line":1,"column":26}},"1":{"start":{"line":2,"column":0},"end":{"line":2,"column":37}},"2":{"start":{"line":4,"column":0},"end":{"line":10,"column":17}},"3":{"start":{"line":12,"column":31},"end":{"line":12,"column":60}},"4":{"start":{"line":12,"column":41},"end":{"line":12,"column":60}},"5":{"start":{"line":14,"column":13},"end":{"line":14,"column":41}},"6":{"start":{"line":15,"column":0},"end":{"line":17,"column":null}},"7":{"start":{"line":16,"column":36},"end":{"line":16,"column":126}},"8":{"start":{"line":16,"column":84},"end":{"line":16,"column":101}}},"fnMap":{"0":{"name":"(anonymous_1)","decl":{"start":{"line":12,"column":31},"end":{"line":12,"column":32}},"loc":{"start":{"line":12,"column":41},"end":{"line":12,"column":60}}},"1":{"name":"(anonymous_2)","decl":{"start":{"line":16,"column":17},"end":{"line":16,"column":18}},"loc":{"start":{"line":16,"column":36},"end":{"line":16,"column":126}}},"2":{"name":"(anonymous_3)","decl":{"start":{"line":16,"column":78},"end":{"line":16,"column":81}},"loc":{"start":{"line":16,"column":84},"end":{"line":16,"column":101}}}},"branchMap":{},"s":{"0":1,"1":1,"2":1,"3":1,"4":1,"5":1,"6":1,"7":1,"8":0},"f":{"0":1,"1":1,"2":0},"b":{}}
,"/Users/johan.soulet/Projects/storybook-sandbox/src/components/Modal/Modal.styles.tsx": {"path":"/Users/johan.soulet/Projects/storybook-sandbox/src/components/Modal/Modal.styles.tsx","statementMap":{"0":{"start":{"line":1,"column":0},"end":{"line":1,"column":39}},"1":{"start":{"line":3,"column":13},"end":{"line":16,"column":2}},"2":{"start":{"line":18,"column":13},"end":{"line":27,"column":2}},"3":{"start":{"line":29,"column":13},"end":{"line":34,"column":2}},"4":{"start":{"line":36,"column":13},"end":{"line":48,"column":2}},"5":{"start":{"line":50,"column":13},"end":{"line":54,"column":2}},"6":{"start":{"line":56,"column":13},"end":{"line":62,"column":2}},"7":{"start":{"line":64,"column":13},"end":{"line":67,"column":2}},"8":{"start":{"line":69,"column":13},"end":{"line":72,"column":2}},"9":{"start":{"line":74,"column":13},"end":{"line":83,"column":2}}},"fnMap":{},"branchMap":{},"s":{"0":1,"1":1,"2":1,"3":1,"4":1,"5":1,"6":1,"7":1,"8":1,"9":1},"f":{},"b":{}}
,"/Users/johan.soulet/Projects/storybook-sandbox/src/components/Modal/Modal.tsx": {"path":"/Users/johan.soulet/Projects/storybook-sandbox/src/components/Modal/Modal.tsx","statementMap":{"0":{"start":{"line":1,"column":0},"end":{"line":1,"column":73}},"1":{"start":{"line":2,"column":0},"end":{"line":2,"column":40}},"2":{"start":{"line":3,"column":0},"end":{"line":3,"column":null}},"3":{"start":{"line":22,"column":14},"end":{"line":38,"column":1}},"4":{"start":{"line":23,"column":34},"end":{"line":23,"column":49}},"5":{"start":{"line":24,"column":18},"end":{"line":24,"column":55}},"6":{"start":{"line":25,"column":2},"end":{"line":32,"column":null}},"7":{"start":{"line":26,"column":4},"end":{"line":26,"column":null}},"8":{"start":{"line":27,"column":4},"end":{"line":31,"column":null}},"9":{"start":{"line":28,"column":6},"end":{"line":30,"column":null}},"10":{"start":{"line":29,"column":8},"end":{"line":29,"column":null}},"11":{"start":{"line":33,"column":2},"end":{"line":33,"column":null}},"12":{"start":{"line":34,"column":2},"end":{"line":37,"column":null}},"13":{"start":{"line":36,"column":64},"end":{"line":36,"column":82}},"14":{"start":{"line":46,"column":21},"end":{"line":58,"column":1}},"15":{"start":{"line":47,"column":2},"end":{"line":57,"column":null}},"16":{"start":{"line":60,"column":0},"end":{"line":60,"column":null}}},"fnMap":{"0":{"name":"(anonymous_6)","decl":{"start":{"line":22,"column":14},"end":{"line":22,"column":15}},"loc":{"start":{"line":22,"column":51},"end":{"line":38,"column":1}}},"1":{"name":"(anonymous_7)","decl":{"start":{"line":25,"column":12},"end":{"line":25,"column":15}},"loc":{"start":{"line":25,"column":17},"end":{"line":32,"column":3}}},"2":{"name":"(anonymous_8)","decl":{"start":{"line":27,"column":11},"end":{"line":27,"column":14}},"loc":{"start":{"line":27,"column":16},"end":{"line":31,"column":5}}},"3":{"name":"(anonymous_9)","decl":{"start":{"line":36,"column":58},"end":{"line":36,"column":61}},"loc":{"start":{"line":36,"column":64},"end":{"line":36,"column":82}}},"4":{"name":"(anonymous_10)","decl":{"start":{"line":46,"column":21},"end":{"line":46,"column":22}},"loc":{"start":{"line":46,"column":83},"end":{"line":58,"column":1}}}},"branchMap":{"0":{"loc":{"start":{"line":28,"column":6},"end":{"line":30,"column":null}},"type":"if","locations":[{"start":{"line":28,"column":6},"end":{"line":30,"column":null}}]},"1":{"loc":{"start":{"line":35,"column":5},"end":{"line":35,"column":45}},"type":"cond-expr","locations":[{"start":{"line":35,"column":18},"end":{"line":35,"column":21}},{"start":{"line":35,"column":5},"end":{"line":35,"column":45}}]},"2":{"loc":{"start":{"line":35,"column":5},"end":{"line":35,"column":21}},"type":"binary-expr","locations":[{"start":{"line":35,"column":5},"end":{"line":35,"column":21}},{"start":{"line":35,"column":5},"end":{"line":35,"column":21}}]},"3":{"loc":{"start":{"line":36,"column":5},"end":{"line":36,"column":127}},"type":"binary-expr","locations":[{"start":{"line":36,"column":5},"end":{"line":36,"column":13}},{"start":{"line":36,"column":17},"end":{"line":36,"column":127}}]}},"s":{"0":1,"1":1,"2":1,"3":1,"4":1,"5":1,"6":1,"7":1,"8":1,"9":1,"10":1,"11":1,"12":1,"13":0,"14":1,"15":0,"16":1},"f":{"0":1,"1":1,"2":1,"3":0,"4":0},"b":{"0":[1],"1":[0,1],"2":[1,1],"3":[1,0]}}
}
