TN:
SF:src/components/Modal/Modal.stories.tsx
FN:12,(anonymous_1)
FN:16,(anonymous_2)
FN:16,(anonymous_3)
FNF:3
FNH:2
FNDA:1,(anonymous_1)
FNDA:1,(anonymous_2)
FNDA:0,(anonymous_3)
DA:1,1
DA:2,1
DA:4,1
DA:12,1
DA:14,1
DA:15,1
DA:16,1
LF:7
LH:7
BRF:0
BRH:0
end_of_record
TN:
SF:src/components/Modal/Modal.styles.tsx
FNF:0
FNH:0
DA:1,1
DA:3,1
DA:18,1
DA:29,1
DA:36,1
DA:50,1
DA:56,1
DA:64,1
DA:69,1
DA:74,1
LF:10
LH:10
BRF:0
BRH:0
end_of_record
TN:
SF:src/components/Modal/Modal.tsx
FN:22,(anonymous_6)
FN:25,(anonymous_7)
FN:27,(anonymous_8)
FN:36,(anonymous_9)
FN:46,(anonymous_10)
FNF:5
FNH:3
FNDA:1,(anonymous_6)
FNDA:1,(anonymous_7)
FNDA:1,(anonymous_8)
FNDA:0,(anonymous_9)
FNDA:0,(anonymous_10)
DA:1,1
DA:2,1
DA:3,1
DA:22,1
DA:23,1
DA:24,1
DA:25,1
DA:26,1
DA:27,1
DA:28,1
DA:29,1
DA:33,1
DA:34,1
DA:36,0
DA:46,1
DA:47,0
DA:60,1
LF:17
LH:15
BRDA:28,0,0,1
BRDA:35,1,0,0
BRDA:35,1,1,1
BRDA:35,2,0,1
BRDA:35,2,1,1
BRDA:36,3,0,1
BRDA:36,3,1,0
BRF:7
BRH:5
end_of_record
